<?xml version="1.0" encoding="UTF-8"?>
<!-- Generated by org.testng.reporters.JUnitXMLReporter -->
<testsuite hostname="fnngj-PC" name="Default test" tests="5" failures="0" timestamp="22 Apr 2016 13:08:21 GMT" time="43.81" errors="0">
  <testcase name="testCase" time="5.844" classname="login.knife.demo.LoginTest"/>
  <testcase name="testCase" time="6.009" classname="login.knife.demo.LoginTest"/>
  <testcase name="testCase" time="5.679" classname="login.knife.demo.LoginTest"/>
  <testcase name="testCase" time="5.037" classname="login.knife.demo.LoginTest"/>
  <testcase name="testCase" time="11.379" classname="login.knife.demo.LoginAndOutTest"/>
</testsuite> <!-- Default test -->
