<?xml version="1.0" encoding="UTF-8"?>
<testng-results skipped="0" failed="0" total="1" passed="1">
  <reporter-output>
  </reporter-output>
  <suite name="Default suite" duration-ms="9467" started-at="2016-04-03T08:29:47Z" finished-at="2016-04-03T08:29:56Z">
    <groups>
    </groups>
    <test name="Default test" duration-ms="9467" started-at="2016-04-03T08:29:47Z" finished-at="2016-04-03T08:29:56Z">
      <class name="com.knife.base.BaiduSearchTest">
        <test-method status="PASS" signature="setUp()[pri:0, instance:com.knife.base.BaiduSearchTest@47d44d0d]" name="setUp" is-config="true" duration-ms="4304" started-at="2016-04-03T16:29:47Z" finished-at="2016-04-03T16:29:51Z">
          <reporter-output>
          </reporter-output>
        </test-method> <!-- setUp -->
        <test-method status="PASS" signature="testCase()[pri:0, instance:com.knife.base.BaiduSearchTest@47d44d0d]" name="testCase" duration-ms="4761" started-at="2016-04-03T16:29:51Z" finished-at="2016-04-03T16:29:56Z">
          <reporter-output>
          </reporter-output>
        </test-method> <!-- testCase -->
        <test-method status="PASS" signature="tearDown()[pri:0, instance:com.knife.base.BaiduSearchTest@47d44d0d]" name="tearDown" is-config="true" duration-ms="387" started-at="2016-04-03T16:29:56Z" finished-at="2016-04-03T16:29:56Z">
          <reporter-output>
          </reporter-output>
        </test-method> <!-- tearDown -->
      </class> <!-- com.knife.base.BaiduSearchTest -->
    </test> <!-- Default test -->
  </suite> <!-- Default suite -->
</testng-results>
