<?xml version="1.0" encoding="UTF-8"?>
<testng-results skipped="0" failed="0" total="1" passed="1">
  <reporter-output>
  </reporter-output>
  <suite name="Default suite" duration-ms="8043" started-at="2016-04-16T03:33:29Z" finished-at="2016-04-16T03:33:37Z">
    <groups>
    </groups>
    <test name="Default test" duration-ms="8043" started-at="2016-04-16T03:33:29Z" finished-at="2016-04-16T03:33:37Z">
      <class name="com.knife.demo.BaiduSearchTest">
        <test-method status="PASS" signature="setUp()[pri:0, instance:com.knife.demo.BaiduSearchTest@47d44d0d]" name="setUp" is-config="true" duration-ms="1531" started-at="2016-04-16T11:33:29Z" finished-at="2016-04-16T11:33:31Z">
          <reporter-output>
          </reporter-output>
        </test-method> <!-- setUp -->
        <test-method status="PASS" signature="testCase()[pri:0, instance:com.knife.demo.BaiduSearchTest@47d44d0d]" name="testCase" duration-ms="5244" started-at="2016-04-16T11:33:31Z" finished-at="2016-04-16T11:33:36Z">
          <reporter-output>
          </reporter-output>
        </test-method> <!-- testCase -->
        <test-method status="PASS" signature="tearDown()[pri:0, instance:com.knife.demo.BaiduSearchTest@47d44d0d]" name="tearDown" is-config="true" duration-ms="1255" started-at="2016-04-16T11:33:36Z" finished-at="2016-04-16T11:33:37Z">
          <reporter-output>
          </reporter-output>
        </test-method> <!-- tearDown -->
      </class> <!-- com.knife.demo.BaiduSearchTest -->
    </test> <!-- Default test -->
  </suite> <!-- Default suite -->
</testng-results>
